<?xml version="1.0" encoding="UTF-8"?>
<!-- Generated by org.testng.reporters.JUnitXMLReporter -->
<testsuite ignored="10" hostname="DESKTOP-QT9BDOB" failures="2" tests="2" name="C:/Users/T490/OneDrive/Desktop/Automation" time="262.164" errors="0" timestamp="2024-01-30T14:38:34 PKT">
  <testcase classname="TamashaAppTests.mainApp" name="loginScenario" time="197.454">
    <failure type="java.lang.RuntimeException" message="org.openqa.selenium.TimeoutException: Expected condition failed: waiting for presence of element located by: By.id: com.spbtv.mobilinktv:id/tv_send (tried for 100 second(s) with 500 milliseconds interval)">
      <![CDATA[java.lang.RuntimeException: org.openqa.selenium.TimeoutException: Expected condition failed: waiting for presence of element located by: By.id: com.spbtv.mobilinktv:id/tv_send (tried for 100 second(s) with 500 milliseconds interval)
at Login.loginFlow.login(loginFlow.java:34)
at TamashaAppTests.mainApp.loginScenario(mainApp.java:104)
at java.base/jdk.internal.reflect.NativeMethodAccessorImpl.invoke0(Native Method)
at java.base/jdk.internal.reflect.NativeMethodAccessorImpl.invoke(NativeMethodAccessorImpl.java:62)
at java.base/jdk.internal.reflect.DelegatingMethodAccessorImpl.invoke(DelegatingMethodAccessorImpl.java:43)
at java.base/java.lang.reflect.Method.invoke(Method.java:566)
at org.testng.internal.invokers.MethodInvocationHelper.invokeMethod(MethodInvocationHelper.java:139)
at org.testng.internal.invokers.TestInvoker.invokeMethod(TestInvoker.java:664)
at org.testng.internal.invokers.TestInvoker.invokeTestMethod(TestInvoker.java:227)
at org.testng.internal.invokers.MethodRunner.runInSequence(MethodRunner.java:50)
at org.testng.internal.invokers.TestInvoker$MethodInvocationAgent.invoke(TestInvoker.java:957)
at org.testng.internal.invokers.TestInvoker.invokeTestMethods(TestInvoker.java:200)
at org.testng.internal.invokers.TestMethodWorker.invokeTestMethods(TestMethodWorker.java:148)
at org.testng.internal.invokers.TestMethodWorker.run(TestMethodWorker.java:128)
at java.base/java.util.ArrayList.forEach(ArrayList.java:1541)
at org.testng.TestRunner.privateRun(TestRunner.java:848)
at org.testng.TestRunner.run(TestRunner.java:621)
at org.testng.SuiteRunner.runTest(SuiteRunner.java:443)
at org.testng.SuiteRunner.runSequentially(SuiteRunner.java:437)
at org.testng.SuiteRunner.privateRun(SuiteRunner.java:397)
at org.testng.SuiteRunner.run(SuiteRunner.java:336)
at org.testng.SuiteRunnerWorker.runSuite(SuiteRunnerWorker.java:52)
at org.testng.SuiteRunnerWorker.run(SuiteRunnerWorker.java:95)
at org.testng.TestNG.runSuitesSequentially(TestNG.java:1280)
at org.testng.TestNG.runSuitesLocally(TestNG.java:1200)
at org.testng.TestNG.runSuites(TestNG.java:1114)
at org.testng.TestNG.run(TestNG.java:1082)
at com.intellij.rt.testng.IDEARemoteTestNG.run(IDEARemoteTestNG.java:65)
at com.intellij.rt.testng.RemoteTestNGStarter.main(RemoteTestNGStarter.java:105)
Caused by: org.openqa.selenium.TimeoutException: Expected condition failed: waiting for presence of element located by: By.id: com.spbtv.mobilinktv:id/tv_send (tried for 100 second(s) with 500 milliseconds interval)
at org.openqa.selenium.support.ui.WebDriverWait.timeoutException(WebDriverWait.java:95)
at org.openqa.selenium.support.ui.FluentWait.until(FluentWait.java:272)
at Login.loginFlow.confirmOTP(loginFlow.java:97)
at Login.loginFlow.login(loginFlow.java:31)
... 28 more
Caused by: org.openqa.selenium.NoSuchElementException: An element could not be located on the page using the given search parameters.
For documentation on this error, please visit: https://www.seleniumhq.org/exceptions/no_such_element.html
Build info: version: '3.141.59', revision: 'e82be7d358', time: '2018-11-14T08:17:03'
System info: host: 'DESKTOP-QT9BDOB', ip: '172.16.2.32', os.name: 'Windows 11', os.arch: 'amd64', os.version: '10.0', java.version: '11.0.21'
Driver info: io.appium.java_client.AppiumDriver
Capabilities {appActivity: com.spbtv.mobilinktv.Splash..., appPackage: com.spbtv.mobilinktv, autoGrantPermissions: true, databaseEnabled: false, desired: {appActivity: com.spbtv.mobilinktv.Splash..., appPackage: com.spbtv.mobilinktv, autoGrantPermissions: true, deviceName: OPPO A76, fullReset: false, ignoreHiddenApiPolicyError: true, newCommandTimeout: 300, noReset: true, platformName: android, platformVersion: 13, udid: 46f65a76}, deviceApiLevel: 33, deviceManufacturer: OPPO, deviceModel: CPH2375, deviceName: 46f65a76, deviceScreenDensity: 272, deviceScreenSize: 720x1612, deviceUDID: 46f65a76, fullReset: false, ignoreHiddenApiPolicyError: true, javascriptEnabled: true, locationContextEnabled: false, networkConnectionEnabled: true, newCommandTimeout: 300, noReset: true, pixelRatio: 1.7, platform: LINUX, platformName: Android, platformVersion: 13, statBarHeight: 82, takesScreenshot: true, udid: 46f65a76, viewportRect: {height: 1421, left: 0, top: 82, width: 720}, warnings: {}, webStorageEnabled: false}
Session ID: a989f30a-7c1d-427d-9d17-ba839246d0d2
*** Element info: {Using=id, value=com.spbtv.mobilinktv:id/tv_send}
at jdk.internal.reflect.GeneratedConstructorAccessor10.newInstance(Unknown Source)
at java.base/jdk.internal.reflect.DelegatingConstructorAccessorImpl.newInstance(DelegatingConstructorAccessorImpl.java:45)
at java.base/java.lang.reflect.Constructor.newInstance(Constructor.java:490)
at org.openqa.selenium.remote.http.W3CHttpResponseCodec.createException(W3CHttpResponseCodec.java:187)
at org.openqa.selenium.remote.http.W3CHttpResponseCodec.decode(W3CHttpResponseCodec.java:122)
at org.openqa.selenium.remote.http.W3CHttpResponseCodec.decode(W3CHttpResponseCodec.java:49)
at org.openqa.selenium.remote.HttpCommandExecutor.execute(HttpCommandExecutor.java:158)
at io.appium.java_client.remote.AppiumCommandExecutor.execute(AppiumCommandExecutor.java:247)
at org.openqa.selenium.remote.RemoteWebDriver.execute(RemoteWebDriver.java:552)
at io.appium.java_client.DefaultGenericMobileDriver.execute(DefaultGenericMobileDriver.java:41)
at io.appium.java_client.AppiumDriver.execute(AppiumDriver.java:1)
at org.openqa.selenium.remote.RemoteWebDriver.findElement(RemoteWebDriver.java:323)
at io.appium.java_client.DefaultGenericMobileDriver.findElement(DefaultGenericMobileDriver.java:61)
at io.appium.java_client.AppiumDriver.findElement(AppiumDriver.java:1)
at org.openqa.selenium.remote.RemoteWebDriver.findElementById(RemoteWebDriver.java:372)
at io.appium.java_client.DefaultGenericMobileDriver.findElementById(DefaultGenericMobileDriver.java:69)
at io.appium.java_client.AppiumDriver.findElementById(AppiumDriver.java:1)
at org.openqa.selenium.By$ById.findElement(By.java:188)
at org.openqa.selenium.remote.RemoteWebDriver.findElement(RemoteWebDriver.java:315)
at io.appium.java_client.DefaultGenericMobileDriver.findElement(DefaultGenericMobileDriver.java:57)
at io.appium.java_client.AppiumDriver.findElement(AppiumDriver.java:1)
at org.openqa.selenium.support.ui.ExpectedConditions$6.apply(ExpectedConditions.java:182)
at org.openqa.selenium.support.ui.ExpectedConditions$6.apply(ExpectedConditions.java:179)
at org.openqa.selenium.support.ui.FluentWait.until(FluentWait.java:249)
... 30 more
]]>
    </failure>
  </testcase> <!-- loginScenario -->
  <testcase classname="TamashaAppTests.mainApp" name="commentsPostingloop" time="50.441">
    <failure type="org.openqa.selenium.TimeoutException" message="Expected condition failed: waiting for presence of element located by: By.xpath: (//android.widget.RelativeLayout[@resource-id=&amp;quot;com.spbtv.mobilinktv:id/relativeLayout&amp;quot;])[1] (tried for 50 second(s) with 500 milliseconds interval)">
      <![CDATA[org.openqa.selenium.TimeoutException: Expected condition failed: waiting for presence of element located by: By.xpath: (//android.widget.RelativeLayout[@resource-id="com.spbtv.mobilinktv:id/relativeLayout"])[1] (tried for 50 second(s) with 500 milliseconds interval)
at org.openqa.selenium.support.ui.WebDriverWait.timeoutException(WebDriverWait.java:95)
at org.openqa.selenium.support.ui.FluentWait.until(FluentWait.java:272)
at comments.CommentAutomation.clickTenSportsTile(CommentAutomation.java:52)
at comments.CommentAutomation.postComments(CommentAutomation.java:15)
at TamashaAppTests.mainApp.commentsPostingloop(mainApp.java:181)
at java.base/jdk.internal.reflect.NativeMethodAccessorImpl.invoke0(Native Method)
at java.base/jdk.internal.reflect.NativeMethodAccessorImpl.invoke(NativeMethodAccessorImpl.java:62)
at java.base/jdk.internal.reflect.DelegatingMethodAccessorImpl.invoke(DelegatingMethodAccessorImpl.java:43)
at java.base/java.lang.reflect.Method.invoke(Method.java:566)
at org.testng.internal.invokers.MethodInvocationHelper.invokeMethod(MethodInvocationHelper.java:139)
at org.testng.internal.invokers.TestInvoker.invokeMethod(TestInvoker.java:664)
at org.testng.internal.invokers.TestInvoker.invokeTestMethod(TestInvoker.java:227)
at org.testng.internal.invokers.MethodRunner.runInSequence(MethodRunner.java:50)
at org.testng.internal.invokers.TestInvoker$MethodInvocationAgent.invoke(TestInvoker.java:957)
at org.testng.internal.invokers.TestInvoker.invokeTestMethods(TestInvoker.java:200)
at org.testng.internal.invokers.TestMethodWorker.invokeTestMethods(TestMethodWorker.java:148)
at org.testng.internal.invokers.TestMethodWorker.run(TestMethodWorker.java:128)
at java.base/java.util.ArrayList.forEach(ArrayList.java:1541)
at org.testng.TestRunner.privateRun(TestRunner.java:848)
at org.testng.TestRunner.run(TestRunner.java:621)
at org.testng.SuiteRunner.runTest(SuiteRunner.java:443)
at org.testng.SuiteRunner.runSequentially(SuiteRunner.java:437)
at org.testng.SuiteRunner.privateRun(SuiteRunner.java:397)
at org.testng.SuiteRunner.run(SuiteRunner.java:336)
at org.testng.SuiteRunnerWorker.runSuite(SuiteRunnerWorker.java:52)
at org.testng.SuiteRunnerWorker.run(SuiteRunnerWorker.java:95)
at org.testng.TestNG.runSuitesSequentially(TestNG.java:1280)
at org.testng.TestNG.runSuitesLocally(TestNG.java:1200)
at org.testng.TestNG.runSuites(TestNG.java:1114)
at org.testng.TestNG.run(TestNG.java:1082)
at com.intellij.rt.testng.IDEARemoteTestNG.run(IDEARemoteTestNG.java:65)
at com.intellij.rt.testng.RemoteTestNGStarter.main(RemoteTestNGStarter.java:105)
Caused by: org.openqa.selenium.NoSuchElementException: An element could not be located on the page using the given search parameters.
For documentation on this error, please visit: https://www.seleniumhq.org/exceptions/no_such_element.html
Build info: version: '3.141.59', revision: 'e82be7d358', time: '2018-11-14T08:17:03'
System info: host: 'DESKTOP-QT9BDOB', ip: '172.16.2.32', os.name: 'Windows 11', os.arch: 'amd64', os.version: '10.0', java.version: '11.0.21'
Driver info: io.appium.java_client.AppiumDriver
Capabilities {appActivity: com.spbtv.mobilinktv.Splash..., appPackage: com.spbtv.mobilinktv, autoGrantPermissions: true, databaseEnabled: false, desired: {appActivity: com.spbtv.mobilinktv.Splash..., appPackage: com.spbtv.mobilinktv, autoGrantPermissions: true, deviceName: OPPO A76, fullReset: false, ignoreHiddenApiPolicyError: true, newCommandTimeout: 300, noReset: true, platformName: android, platformVersion: 13, udid: 46f65a76}, deviceApiLevel: 33, deviceManufacturer: OPPO, deviceModel: CPH2375, deviceName: 46f65a76, deviceScreenDensity: 272, deviceScreenSize: 720x1612, deviceUDID: 46f65a76, fullReset: false, ignoreHiddenApiPolicyError: true, javascriptEnabled: true, locationContextEnabled: false, networkConnectionEnabled: true, newCommandTimeout: 300, noReset: true, pixelRatio: 1.7, platform: LINUX, platformName: Android, platformVersion: 13, statBarHeight: 82, takesScreenshot: true, udid: 46f65a76, viewportRect: {height: 1421, left: 0, top: 82, width: 720}, warnings: {}, webStorageEnabled: false}
Session ID: a989f30a-7c1d-427d-9d17-ba839246d0d2
*** Element info: {Using=xpath, value=(//android.widget.RelativeLayout[@resource-id="com.spbtv.mobilinktv:id/relativeLayout"])[1]}
at jdk.internal.reflect.GeneratedConstructorAccessor10.newInstance(Unknown Source)
at java.base/jdk.internal.reflect.DelegatingConstructorAccessorImpl.newInstance(DelegatingConstructorAccessorImpl.java:45)
at java.base/java.lang.reflect.Constructor.newInstance(Constructor.java:490)
at org.openqa.selenium.remote.http.W3CHttpResponseCodec.createException(W3CHttpResponseCodec.java:187)
at org.openqa.selenium.remote.http.W3CHttpResponseCodec.decode(W3CHttpResponseCodec.java:122)
at org.openqa.selenium.remote.http.W3CHttpResponseCodec.decode(W3CHttpResponseCodec.java:49)
at org.openqa.selenium.remote.HttpCommandExecutor.execute(HttpCommandExecutor.java:158)
at io.appium.java_client.remote.AppiumCommandExecutor.execute(AppiumCommandExecutor.java:247)
at org.openqa.selenium.remote.RemoteWebDriver.execute(RemoteWebDriver.java:552)
at io.appium.java_client.DefaultGenericMobileDriver.execute(DefaultGenericMobileDriver.java:41)
at io.appium.java_client.AppiumDriver.execute(AppiumDriver.java:1)
at org.openqa.selenium.remote.RemoteWebDriver.findElement(RemoteWebDriver.java:323)
at io.appium.java_client.DefaultGenericMobileDriver.findElement(DefaultGenericMobileDriver.java:61)
at io.appium.java_client.AppiumDriver.findElement(AppiumDriver.java:1)
at org.openqa.selenium.remote.RemoteWebDriver.findElementByXPath(RemoteWebDriver.java:428)
at io.appium.java_client.DefaultGenericMobileDriver.findElementByXPath(DefaultGenericMobileDriver.java:151)
at io.appium.java_client.AppiumDriver.findElementByXPath(AppiumDriver.java:1)
at org.openqa.selenium.By$ByXPath.findElement(By.java:353)
at org.openqa.selenium.remote.RemoteWebDriver.findElement(RemoteWebDriver.java:315)
at io.appium.java_client.DefaultGenericMobileDriver.findElement(DefaultGenericMobileDriver.java:57)
at io.appium.java_client.AppiumDriver.findElement(AppiumDriver.java:1)
at org.openqa.selenium.support.ui.ExpectedConditions$6.apply(ExpectedConditions.java:182)
at org.openqa.selenium.support.ui.ExpectedConditions$6.apply(ExpectedConditions.java:179)
at org.openqa.selenium.support.ui.FluentWait.until(FluentWait.java:249)
... 30 more
]]>
    </failure>
  </testcase> <!-- commentsPostingloop -->
  <testcase classname="TamashaAppTests.mainApp" name="screenScrolltoEnd" time="0.0">
    <ignored/>
  </testcase> <!-- screenScrolltoEnd -->
  <testcase classname="TamashaAppTests.mainApp" name="redeemCoins" time="0.0">
    <ignored/>
  </testcase> <!-- redeemCoins -->
  <testcase classname="TamashaAppTests.mainApp" name="HometoStreaming" time="0.0">
    <ignored/>
  </testcase> <!-- HometoStreaming -->
  <testcase classname="TamashaAppTests.mainApp" name="scrollandShot" time="0.0">
    <ignored/>
  </testcase> <!-- scrollandShot -->
  <testcase classname="TamashaAppTests.mainApp" name="getCoinsCount" time="0.0">
    <ignored/>
  </testcase> <!-- getCoinsCount -->
  <testcase classname="TamashaAppTests.mainApp" name="search" time="0.0">
    <ignored/>
  </testcase> <!-- search -->
  <testcase classname="TamashaAppTests.mainApp" name="liveStreaming" time="0.0">
    <ignored/>
  </testcase> <!-- liveStreaming -->
  <testcase classname="TamashaAppTests.mainApp" name="screenVer" time="0.0">
    <ignored/>
  </testcase> <!-- screenVer -->
  <testcase classname="TamashaAppTests.mainApp" name="splashToHomeScreen" time="0.0">
    <ignored/>
  </testcase> <!-- splashToHomeScreen -->
  <testcase classname="TamashaAppTests.mainApp" name="slider" time="0.0">
    <ignored/>
  </testcase> <!-- slider -->
</testsuite> <!-- C:/Users/T490/OneDrive/Desktop/Automation -->
